#
# There is insufficient memory for the Java Runtime Environment to continue.
# Native memory allocation (malloc) failed to allocate 32744 bytes for ChunkPool::allocate
# Possible reasons:
#   The system is out of physical RAM or swap space
#   In 32 bit mode, the process size limit was hit
# Possible solutions:
#   Reduce memory load on the system
#   Increase physical memory or swap space
#   Check if swap backing store is full
#   Use 64 bit Java on a 64 bit OS
#   Decrease Java heap size (-Xmx/-Xms)
#   Decrease number of Java threads
#   Decrease Java thread stack sizes (-Xss)
#   Set larger code cache with -XX:ReservedCodeCacheSize=
# This output file may be truncated or incomplete.
#
#  Out of Memory Error (allocation.cpp:273), pid=9404, tid=0x0000000000002298
#
# JRE version: Java(TM) SE Runtime Environment (8.0_101-b13) (build 1.8.0_101-b13)
# Java VM: Java HotSpot(TM) 64-Bit Server VM (25.101-b13 mixed mode windows-amd64 compressed oops)
# Failed to write core dump. Minidumps are not enabled by default on client versions of Windows
#

---------------  T H R E A D  ---------------

Current thread (0x0000000017356800):  JavaThread "C2 CompilerThread0" daemon [_thread_in_native, id=8856, stack(0x0000000018990000,0x0000000018a90000)]

Stack: [0x0000000018990000,0x0000000018a90000]
[error occurred during error reporting (printing stack bounds), id 0xc0000005]

Native frames: (J=compiled Java code, j=interpreted, Vv=VM code, C=native code)


Current CompileTask:
C2: 363135 3695       4       java.lang.Class::reflectionData (49 bytes)


---------------  P R O C E S S  ---------------

Java Threads: ( => current thread )
  0x000000001b21a000 JavaThread "Keep-Alive-Timer" daemon [_thread_blocked, id=1920, stack(0x000000001da70000,0x000000001db70000)]
  0x000000001b214000 JavaThread "Thread-3" [_thread_in_native, id=10088, stack(0x000000001d970000,0x000000001da70000)]
  0x000000001afc0000 JavaThread "Swing-Shell" daemon [_thread_blocked, id=5676, stack(0x000000001c1d0000,0x000000001c2d0000)]
  0x000000001a5c9800 JavaThread "TimerQueue" daemon [_thread_blocked, id=7308, stack(0x0000000019ff0000,0x000000001a0f0000)]
  0x000000000274e000 JavaThread "DestroyJavaVM" [_thread_blocked, id=11492, stack(0x0000000000da0000,0x0000000000ea0000)]
  0x0000000018e7a000 JavaThread "AWT-EventQueue-0" [_thread_blocked, id=5636, stack(0x0000000019810000,0x0000000019910000)]
  0x0000000018e79000 JavaThread "AWT-Windows" daemon [_thread_in_native, id=11340, stack(0x00000000195c0000,0x00000000196c0000)]
  0x0000000018e75800 JavaThread "AWT-Shutdown" [_thread_blocked, id=3028, stack(0x00000000194c0000,0x00000000195c0000)]
  0x0000000018e75000 JavaThread "Java2D Disposer" daemon [_thread_blocked, id=9784, stack(0x00000000193c0000,0x00000000194c0000)]
  0x0000000018ae3800 JavaThread "Service Thread" daemon [_thread_blocked, id=9324, stack(0x0000000019090000,0x0000000019190000)]
  0x0000000018add000 JavaThread "C1 CompilerThread2" daemon [_thread_blocked, id=10684, stack(0x0000000018f90000,0x0000000019090000)]
  0x0000000018ada800 JavaThread "C2 CompilerThread1" daemon [_thread_blocked, id=12456, stack(0x0000000018e90000,0x0000000018f90000)]
=>0x0000000017356800 JavaThread "C2 CompilerThread0" daemon [_thread_in_native, id=8856, stack(0x0000000018990000,0x0000000018a90000)]
  0x0000000017355000 JavaThread "Attach Listener" daemon [_thread_blocked, id=9960, stack(0x0000000018890000,0x0000000018990000)]
  0x00000000173a5800 JavaThread "Signal Dispatcher" daemon [_thread_blocked, id=8952, stack(0x0000000018790000,0x0000000018890000)]
  0x00000000026fb800 JavaThread "Finalizer" daemon [_thread_blocked, id=6348, stack(0x00000000185a0000,0x00000000186a0000)]
  0x00000000026f1000 JavaThread "Reference Handler" daemon [_thread_blocked, id=13288, stack(0x00000000184a0000,0x00000000185a0000)]

Other Threads:
  0x0000000017317000 VMThread [stack: 0x00000000183a0000,0x00000000184a0000] [id=12072]
  0x0000000018b37000 WatcherThread [stack: 0x0000000019190000,0x0000000019290000] [id=1212]

VM state:not at safepoint (normal execution)

VM Mutex/Monitor currently owned by a thread: None

Heap:
 PSYoungGen      total 38400K, used 11208K [0x00000000d5b00000, 0x00000000d8580000, 0x0000000100000000)
  eden space 33280K, 32% used [0x00000000d5b00000,0x00000000d657a010,0x00000000d7b80000)
  from space 5120K, 9% used [0x00000000d8080000,0x00000000d80f8020,0x00000000d8580000)
  to   space 5120K, 0% used [0x00000000d7b80000,0x00000000d7b80000,0x00000000d8080000)
 ParOldGen       total 42496K, used 7037K [0x0000000081000000, 0x0000000083980000, 0x00000000d5b00000)
  object space 42496K, 16% used [0x0000000081000000,0x00000000816df5f8,0x0000000083980000)
 Metaspace       used 22748K, capacity 23086K, committed 23424K, reserved 1069056K
  class space    used 2771K, capacity 2869K, committed 2944K, reserved 1048576K

Card table byte_map: [0x0000000011b80000,0x0000000011f80000] byte_map_base: 0x0000000011778000

Marking Bits: (ParMarkBitMap*) 0x0000000060fda6d0
 Begin Bits: [0x0000000012630000, 0x00000000145f0000)
 End Bits:   [0x00000000145f0000, 0x00000000165b0000)

Polling page: 0x0000000000990000

CodeCache: size=245760Kb used=10984Kb max_used=11002Kb free=234775Kb
 bounds [0x00000000027c0000, 0x0000000003290000, 0x00000000117c0000]
 total_blobs=3894 nmethods=3366 adapters=440
 compilation: enabled

Compilation events (10 events):
Event: 359.646 Thread 0x0000000018add000 nmethod 3690 0x00000000032735d0 code [0x0000000003273720, 0x0000000003273830]
Event: 359.647 Thread 0x0000000017356800 3691       4       com.sun.org.apache.xerces.internal.util.NamespaceSupport::containsPrefixInCurrentContext (38 bytes)
Event: 359.649 Thread 0x0000000017356800 nmethod 3691 0x00000000032748d0 code [0x0000000003274a20, 0x0000000003274b58]
Event: 360.081 Thread 0x0000000018add000 3692       3       chat.server.User$JaxbAccessorF_isOnline::get (11 bytes)
Event: 360.082 Thread 0x0000000018add000 nmethod 3692 0x0000000003274350 code [0x00000000032744c0, 0x00000000032747d0]
Event: 360.478 Thread 0x0000000018ada800 3693       4       java.awt.GridBagLayout::lookupConstraints (39 bytes)
Event: 360.484 Thread 0x0000000018ada800 nmethod 3693 0x0000000003279350 code [0x00000000032794c0, 0x0000000003279a48]
Event: 361.306 Thread 0x0000000018add000 3694       3       java.io.IOException::<init> (6 bytes)
Event: 361.306 Thread 0x0000000018add000 nmethod 3694 0x0000000003273f10 code [0x0000000003274080, 0x0000000003274268]
Event: 363.062 Thread 0x0000000017356800 3695       4       java.lang.Class::reflectionData (49 bytes)

GC Heap History (10 events):
Event: 27.075 GC heap before
{Heap before GC invocations=1 (full 0):
 PSYoungGen      total 38400K, used 28043K [0x00000000d5b00000, 0x00000000d8580000, 0x0000000100000000)
  eden space 33280K, 84% used [0x00000000d5b00000,0x00000000d7662ed8,0x00000000d7b80000)
  from space 5120K, 0% used [0x00000000d8080000,0x00000000d8080000,0x00000000d8580000)
  to   space 5120K, 0% used [0x00000000d7b80000,0x00000000d7b80000,0x00000000d8080000)
 ParOldGen       total 87552K, used 0K [0x0000000081000000, 0x0000000086580000, 0x00000000d5b00000)
  object space 87552K, 0% used [0x0000000081000000,0x0000000081000000,0x0000000086580000)
 Metaspace       used 20844K, capacity 21076K, committed 21248K, reserved 1067008K
  class space    used 2719K, capacity 2816K, committed 2816K, reserved 1048576K
Event: 27.086 GC heap after
Heap after GC invocations=1 (full 0):
 PSYoungGen      total 38400K, used 5097K [0x00000000d5b00000, 0x00000000d8580000, 0x0000000100000000)
  eden space 33280K, 0% used [0x00000000d5b00000,0x00000000d5b00000,0x00000000d7b80000)
  from space 5120K, 99% used [0x00000000d7b80000,0x00000000d807a458,0x00000000d8080000)
  to   space 5120K, 0% used [0x00000000d8080000,0x00000000d8080000,0x00000000d8580000)
 ParOldGen       total 87552K, used 1990K [0x0000000081000000, 0x0000000086580000, 0x00000000d5b00000)
  object space 87552K, 2% used [0x0000000081000000,0x00000000811f19a0,0x0000000086580000)
 Metaspace       used 20844K, capacity 21076K, committed 21248K, reserved 1067008K
  class space    used 2719K, capacity 2816K, committed 2816K, reserved 1048576K
}
Event: 27.086 GC heap before
{Heap before GC invocations=2 (full 1):
 PSYoungGen      total 38400K, used 5097K [0x00000000d5b00000, 0x00000000d8580000, 0x0000000100000000)
  eden space 33280K, 0% used [0x00000000d5b00000,0x00000000d5b00000,0x00000000d7b80000)
  from space 5120K, 99% used [0x00000000d7b80000,0x00000000d807a458,0x00000000d8080000)
  to   space 5120K, 0% used [0x00000000d8080000,0x00000000d8080000,0x00000000d8580000)
 ParOldGen       total 87552K, used 1990K [0x0000000081000000, 0x0000000086580000, 0x00000000d5b00000)
  object space 87552K, 2% used [0x0000000081000000,0x00000000811f19a0,0x0000000086580000)
 Metaspace       used 20844K, capacity 21076K, committed 21248K, reserved 1067008K
  class space    used 2719K, capacity 2816K, committed 2816K, reserved 1048576K
Event: 27.146 GC heap after
Heap after GC invocations=2 (full 1):
 PSYoungGen      total 38400K, used 0K [0x00000000d5b00000, 0x00000000d8580000, 0x0000000100000000)
  eden space 33280K, 0% used [0x00000000d5b00000,0x00000000d5b00000,0x00000000d7b80000)
  from space 5120K, 0% used [0x00000000d7b80000,0x00000000d7b80000,0x00000000d8080000)
  to   space 5120K, 0% used [0x00000000d8080000,0x00000000d8080000,0x00000000d8580000)
 ParOldGen       total 42496K, used 7021K [0x0000000081000000, 0x0000000083980000, 0x00000000d5b00000)
  object space 42496K, 16% used [0x0000000081000000,0x00000000816db5f8,0x0000000083980000)
 Metaspace       used 20844K, capacity 21076K, committed 21248K, reserved 1067008K
  class space    used 2719K, capacity 2816K, committed 2816K, reserved 1048576K
}
Event: 82.501 GC heap before
{Heap before GC invocations=3 (full 1):
 PSYoungGen      total 38400K, used 33280K [0x00000000d5b00000, 0x00000000d8580000, 0x0000000100000000)
  eden space 33280K, 100% used [0x00000000d5b00000,0x00000000d7b80000,0x00000000d7b80000)
  from space 5120K, 0% used [0x00000000d7b80000,0x00000000d7b80000,0x00000000d8080000)
  to   space 5120K, 0% used [0x00000000d8080000,0x00000000d8080000,0x00000000d8580000)
 ParOldGen       total 42496K, used 7021K [0x0000000081000000, 0x0000000083980000, 0x00000000d5b00000)
  object space 42496K, 16% used [0x0000000081000000,0x00000000816db5f8,0x0000000083980000)
 Metaspace       used 22198K, capacity 22484K, committed 22912K, reserved 1069056K
  class space    used 2762K, capacity 2866K, committed 2944K, reserved 1048576K
Event: 82.504 GC heap after
Heap after GC invocations=3 (full 1):
 PSYoungGen      total 38400K, used 432K [0x00000000d5b00000, 0x00000000d8580000, 0x0000000100000000)
  eden space 33280K, 0% used [0x00000000d5b00000,0x00000000d5b00000,0x00000000d7b80000)
  from space 5120K, 8% used [0x00000000d8080000,0x00000000d80ec010,0x00000000d8580000)
  to   space 5120K, 0% used [0x00000000d7b80000,0x00000000d7b80000,0x00000000d8080000)
 ParOldGen       total 42496K, used 7029K [0x0000000081000000, 0x0000000083980000, 0x00000000d5b00000)
  object space 42496K, 16% used [0x0000000081000000,0x00000000816dd5f8,0x0000000083980000)
 Metaspace       used 22198K, capacity 22484K, committed 22912K, reserved 1069056K
  class space    used 2762K, capacity 2866K, committed 2944K, reserved 1048576K
}
Event: 185.793 GC heap before
{Heap before GC invocations=4 (full 1):
 PSYoungGen      total 38400K, used 33712K [0x00000000d5b00000, 0x00000000d8580000, 0x0000000100000000)
  eden space 33280K, 100% used [0x00000000d5b00000,0x00000000d7b80000,0x00000000d7b80000)
  from space 5120K, 8% used [0x00000000d8080000,0x00000000d80ec010,0x00000000d8580000)
  to   space 5120K, 0% used [0x00000000d7b80000,0x00000000d7b80000,0x00000000d8080000)
 ParOldGen       total 42496K, used 7029K [0x0000000081000000, 0x0000000083980000, 0x00000000d5b00000)
  object space 42496K, 16% used [0x0000000081000000,0x00000000816dd5f8,0x0000000083980000)
 Metaspace       used 22568K, capacity 22940K, committed 23168K, reserved 1069056K
  class space    used 2766K, capacity 2866K, committed 2944K, reserved 1048576K
Event: 185.795 GC heap after
Heap after GC invocations=4 (full 1):
 PSYoungGen      total 38400K, used 400K [0x00000000d5b00000, 0x00000000d8580000, 0x0000000100000000)
  eden space 33280K, 0% used [0x00000000d5b00000,0x00000000d5b00000,0x00000000d7b80000)
  from space 5120K, 7% used [0x00000000d7b80000,0x00000000d7be4010,0x00000000d8080000)
  to   space 5120K, 0% used [0x00000000d8080000,0x00000000d8080000,0x00000000d8580000)
 ParOldGen       total 42496K, used 7037K [0x0000000081000000, 0x0000000083980000, 0x00000000d5b00000)
  object space 42496K, 16% used [0x0000000081000000,0x00000000816df5f8,0x0000000083980000)
 Metaspace       used 22568K, capacity 22940K, committed 23168K, reserved 1069056K
  class space    used 2766K, capacity 2866K, committed 2944K, reserved 1048576K
}
Event: 326.064 GC heap before
{Heap before GC invocations=5 (full 1):
 PSYoungGen      total 38400K, used 33680K [0x00000000d5b00000, 0x00000000d8580000, 0x0000000100000000)
  eden space 33280K, 100% used [0x00000000d5b00000,0x00000000d7b80000,0x00000000d7b80000)
  from space 5120K, 7% used [0x00000000d7b80000,0x00000000d7be4010,0x00000000d8080000)
  to   space 5120K, 0% used [0x00000000d8080000,0x00000000d8080000,0x00000000d8580000)
 ParOldGen       total 42496K, used 7037K [0x0000000081000000, 0x0000000083980000, 0x00000000d5b00000)
  object space 42496K, 16% used [0x0000000081000000,0x00000000816df5f8,0x0000000083980000)
 Metaspace       used 22704K, capacity 23080K, committed 23424K, reserved 1069056K
  class space    used 2767K, capacity 2868K, committed 2944K, reserved 1048576K
Event: 326.070 GC heap after
Heap after GC invocations=5 (full 1):
 PSYoungGen      total 38400K, used 480K [0x00000000d5b00000, 0x00000000d8580000, 0x0000000100000000)
  eden space 33280K, 0% used [0x00000000d5b00000,0x00000000d5b00000,0x00000000d7b80000)
  from space 5120K, 9% used [0x00000000d8080000,0x00000000d80f8020,0x00000000d8580000)
  to   space 5120K, 0% used [0x00000000d7b80000,0x00000000d7b80000,0x00000000d8080000)
 ParOldGen       total 42496K, used 7037K [0x0000000081000000, 0x0000000083980000, 0x00000000d5b00000)
  object space 42496K, 16% used [0x0000000081000000,0x00000000816df5f8,0x0000000083980000)
 Metaspace       used 22704K, capacity 23080K, committed 23424K, reserved 1069056K
  class space    used 2767K, capacity 2868K, committed 2944K, reserved 1048576K
}

Deoptimization events (10 events):
Event: 26.743 Thread 0x0000000018e7a000 Uncommon trap: reason=class_check action=maybe_recompile pc=0x0000000002949e28 method=java.lang.String.equals(Ljava/lang/Object;)Z @ 8
Event: 26.743 Thread 0x0000000018e7a000 Uncommon trap: reason=class_check action=maybe_recompile pc=0x0000000002949e28 method=java.lang.String.equals(Ljava/lang/Object;)Z @ 8
Event: 27.725 Thread 0x0000000018e7a000 Uncommon trap: reason=class_check action=maybe_recompile pc=0x0000000002949e28 method=java.lang.String.equals(Ljava/lang/Object;)Z @ 8
Event: 27.725 Thread 0x0000000018e7a000 Uncommon trap: reason=class_check action=maybe_recompile pc=0x0000000002949e28 method=java.lang.String.equals(Ljava/lang/Object;)Z @ 8
Event: 150.596 Thread 0x000000001b214000 Uncommon trap: reason=unstable_if action=reinterpret pc=0x000000000315e454 method=sun.net.www.protocol.http.HttpURLConnection.getInputStream0()Ljava/io/InputStream; @ 22
Event: 224.543 Thread 0x0000000018e7a000 Uncommon trap: reason=unstable_if action=reinterpret pc=0x0000000002c2d43c method=java.lang.StrictMath.floorOrCeil(DDDD)D @ 8
Event: 224.543 Thread 0x0000000018e7a000 Uncommon trap: reason=unstable_if action=reinterpret pc=0x00000000031f2488 method=sun.java2d.pipe.Region.isInsideXYXY(IIII)Z @ 30
Event: 244.010 Thread 0x0000000018e7a000 Uncommon trap: reason=class_check action=maybe_recompile pc=0x0000000003230c60 method=java.awt.EventQueue.coalesceEvent(Ljava/awt/AWTEvent;I)Z @ 77
Event: 244.080 Thread 0x0000000018e7a000 Uncommon trap: reason=class_check action=maybe_recompile pc=0x0000000003230c60 method=java.awt.EventQueue.coalesceEvent(Ljava/awt/AWTEvent;I)Z @ 77
Event: 354.216 Thread 0x000000001b214000 Uncommon trap: reason=unstable_if action=reinterpret pc=0x0000000002ff59bc method=sun.net.www.MessageHeader.mergeHeader(Ljava/io/InputStream;)V @ 320

Internal exceptions (10 events):
Event: 336.626 Thread 0x000000001b214000 Exception <a 'java/net/ConnectException': Connection refused: connect> (0x00000000d5d56388) thrown at [C:\re\workspace\8-2-build-windows-amd64-cygwin\jdk8u101\7261\hotspot\src\share\vm\prims\jni.cpp, line 735]
Event: 338.131 Thread 0x000000001b214000 Exception <a 'java/net/ConnectException': Connection refused: connect> (0x00000000d5d91618) thrown at [C:\re\workspace\8-2-build-windows-amd64-cygwin\jdk8u101\7261\hotspot\src\share\vm\prims\jni.cpp, line 735]
Event: 339.143 Thread 0x000000001b214000 Exception <a 'java/net/ConnectException': Connection refused: connect> (0x00000000d5dccdb0) thrown at [C:\re\workspace\8-2-build-windows-amd64-cygwin\jdk8u101\7261\hotspot\src\share\vm\prims\jni.cpp, line 735]
Event: 340.148 Thread 0x000000001b214000 Exception <a 'java/net/ConnectException': Connection refused: connect> (0x00000000d5e35a28) thrown at [C:\re\workspace\8-2-build-windows-amd64-cygwin\jdk8u101\7261\hotspot\src\share\vm\prims\jni.cpp, line 735]
Event: 341.653 Thread 0x000000001b214000 Exception <a 'java/net/ConnectException': Connection refused: connect> (0x00000000d5e70cd0) thrown at [C:\re\workspace\8-2-build-windows-amd64-cygwin\jdk8u101\7261\hotspot\src\share\vm\prims\jni.cpp, line 735]
Event: 342.660 Thread 0x000000001b214000 Exception <a 'java/net/ConnectException': Connection refused: connect> (0x00000000d5eac498) thrown at [C:\re\workspace\8-2-build-windows-amd64-cygwin\jdk8u101\7261\hotspot\src\share\vm\prims\jni.cpp, line 735]
Event: 343.664 Thread 0x000000001b214000 Exception <a 'java/net/ConnectException': Connection refused: connect> (0x00000000d5ee70d0) thrown at [C:\re\workspace\8-2-build-windows-amd64-cygwin\jdk8u101\7261\hotspot\src\share\vm\prims\jni.cpp, line 735]
Event: 345.169 Thread 0x000000001b214000 Exception <a 'java/net/ConnectException': Connection refused: connect> (0x00000000d5f22458) thrown at [C:\re\workspace\8-2-build-windows-amd64-cygwin\jdk8u101\7261\hotspot\src\share\vm\prims\jni.cpp, line 735]
Event: 346.181 Thread 0x000000001b214000 Exception <a 'java/net/ConnectException': Connection refused: connect> (0x00000000d5f5db88) thrown at [C:\re\workspace\8-2-build-windows-amd64-cygwin\jdk8u101\7261\hotspot\src\share\vm\prims\jni.cpp, line 735]
Event: 347.187 Thread 0x000000001b214000 Exception <a 'java/net/ConnectException': Connection refused: connect> (0x00000000d5f99608) thrown at [C:\re\workspace\8-2-build-windows-amd64-cygwin\jdk8u101\7261\hotspot\src\share\vm\prims\jni.cpp, line 735]

Events (10 events):
Event: 354.218 loading class sun/net/www/http/KeepAliveStreamCleaner$2
Event: 354.218 loading class sun/net/www/http/KeepAliveStreamCleaner$2 done
Event: 357.204 Executing VM operation: RevokeBias
Event: 357.204 Executing VM operation: RevokeBias done
Event: 357.420 Thread 0x000000001b214000 DEOPT PACKING pc=0x0000000003265cfe sp=0x000000001da6d9e0
Event: 357.420 Thread 0x000000001b214000 DEOPT UNPACKING pc=0x000000000280787f sp=0x000000001da6d780 mode 0
Event: 360.980 Thread 0x000000001b214000 DEOPT PACKING pc=0x0000000003265cfe sp=0x000000001da6d9d0
Event: 360.980 Thread 0x000000001b214000 DEOPT UNPACKING pc=0x000000000280787f sp=0x000000001da6d770 mode 0
Event: 362.205 Executing VM operation: RevokeBias
Event: 362.205 Executing VM operation: RevokeBias done


Dynamic libraries:
0x00007ff6bc9d0000 - 0x00007ff6bca07000 	C:\Program Files\Java\jdk1.8.0_101\jre\bin\java.exe
0x00007ffb07360000 - 0x00007ffb07531000 	C:\WINDOWS\SYSTEM32\ntdll.dll
0x00007ffb04900000 - 0x00007ffb049ab000 	C:\WINDOWS\System32\KERNEL32.DLL
0x00007ffb038a0000 - 0x00007ffb03abd000 	C:\WINDOWS\System32\KERNELBASE.dll
0x00007ffb04b90000 - 0x00007ffb04c32000 	C:\WINDOWS\System32\ADVAPI32.dll
0x00007ffb04ca0000 - 0x00007ffb04d3e000 	C:\WINDOWS\System32\msvcrt.dll
0x00007ffb05a00000 - 0x00007ffb05a59000 	C:\WINDOWS\System32\sechost.dll
0x00007ffb05390000 - 0x00007ffb054b1000 	C:\WINDOWS\System32\RPCRT4.dll
0x00007ffb07030000 - 0x00007ffb07195000 	C:\WINDOWS\System32\USER32.dll
0x00007ffb03bc0000 - 0x00007ffb03bde000 	C:\WINDOWS\System32\win32u.dll
0x00007ffb05560000 - 0x00007ffb05594000 	C:\WINDOWS\System32\GDI32.dll
0x00007ffb04530000 - 0x00007ffb046b2000 	C:\WINDOWS\System32\gdi32full.dll
0x00007ffafe6e0000 - 0x00007ffafe95a000 	C:\WINDOWS\WinSxS\amd64_microsoft.windows.common-controls_6595b64144ccf1df_6.0.14393.953_none_42151e83c686086b\COMCTL32.dll
0x00007ffb04da0000 - 0x00007ffb05068000 	C:\WINDOWS\System32\combase.dll
0x00007ffb03ac0000 - 0x00007ffb03bb5000 	C:\WINDOWS\System32\ucrtbase.dll
0x00007ffb04720000 - 0x00007ffb0478a000 	C:\WINDOWS\System32\bcryptPrimitives.dll
0x00007ffb059d0000 - 0x00007ffb059fe000 	C:\WINDOWS\System32\IMM32.DLL
0x00000000606e0000 - 0x00000000607b2000 	C:\Program Files\Java\jdk1.8.0_101\jre\bin\msvcr100.dll
0x00000000607c0000 - 0x000000006105a000 	C:\Program Files\Java\jdk1.8.0_101\jre\bin\server\jvm.dll
0x00007ffb050e0000 - 0x00007ffb050e8000 	C:\WINDOWS\System32\PSAPI.DLL
0x00007ffb009f0000 - 0x00007ffb009f9000 	C:\WINDOWS\SYSTEM32\WSOCK32.dll
0x00007ffb01c70000 - 0x00007ffb01c93000 	C:\WINDOWS\SYSTEM32\WINMM.dll
0x00007ffafc180000 - 0x00007ffafc18a000 	C:\WINDOWS\SYSTEM32\VERSION.dll
0x00007ffb05070000 - 0x00007ffb050da000 	C:\WINDOWS\System32\WS2_32.dll
0x0000000000940000 - 0x000000000096b000 	C:\WINDOWS\SYSTEM32\WINMMBASE.dll
0x00007ffb03850000 - 0x00007ffb03892000 	C:\WINDOWS\System32\cfgmgr32.dll
0x00000000628a0000 - 0x00000000628af000 	C:\Program Files\Java\jdk1.8.0_101\jre\bin\verify.dll
0x00000000606b0000 - 0x00000000606d9000 	C:\Program Files\Java\jdk1.8.0_101\jre\bin\java.dll
0x0000000061980000 - 0x0000000061996000 	C:\Program Files\Java\jdk1.8.0_101\jre\bin\zip.dll
0x00007ffb05a60000 - 0x00007ffb06f68000 	C:\WINDOWS\System32\SHELL32.dll
0x00007ffb03be0000 - 0x00007ffb042ba000 	C:\WINDOWS\System32\windows.storage.dll
0x00007ffb03800000 - 0x00007ffb0384c000 	C:\WINDOWS\System32\powrprof.dll
0x00007ffb04c40000 - 0x00007ffb04c92000 	C:\WINDOWS\System32\shlwapi.dll
0x00007ffb037c0000 - 0x00007ffb037cf000 	C:\WINDOWS\System32\kernel.appcore.dll
0x00007ffb04840000 - 0x00007ffb048e9000 	C:\WINDOWS\System32\shcore.dll
0x00007ffb037d0000 - 0x00007ffb037e4000 	C:\WINDOWS\System32\profapi.dll
0x00000000604d0000 - 0x0000000060668000 	C:\Program Files\Java\jdk1.8.0_101\jre\bin\awt.dll
0x00007ffb06f70000 - 0x00007ffb0702f000 	C:\WINDOWS\System32\OLEAUT32.dll
0x00007ffb04490000 - 0x00007ffb0452c000 	C:\WINDOWS\System32\msvcp_win.dll
0x00007ffb01d70000 - 0x00007ffb01dea000 	C:\WINDOWS\SYSTEM32\apphelp.dll
0x00007ffb01f40000 - 0x00007ffb01fd5000 	C:\WINDOWS\system32\uxtheme.dll
0x00007ffb05230000 - 0x00007ffb0538a000 	C:\WINDOWS\System32\MSCTF.dll
0x00007ffb00ba0000 - 0x00007ffb00bc6000 	C:\WINDOWS\system32\dwmapi.dll
0x00007ffb050f0000 - 0x00007ffb05227000 	C:\WINDOWS\System32\ole32.dll
0x0000000060690000 - 0x00000000606aa000 	C:\Program Files\Java\jdk1.8.0_101\jre\bin\net.dll
0x00007ffb03090000 - 0x00007ffb030ec000 	C:\WINDOWS\system32\mswsock.dll
0x00007ffb02e50000 - 0x00007ffb02ef1000 	C:\WINDOWS\SYSTEM32\DNSAPI.dll
0x00007ffb048f0000 - 0x00007ffb048f8000 	C:\WINDOWS\System32\NSI.dll
0x00007ffb02e10000 - 0x00007ffb02e48000 	C:\WINDOWS\SYSTEM32\IPHLPAPI.DLL
0x0000000062c30000 - 0x0000000062c56000 	C:\Program Files\Bonjour\mdnsNSP.dll
0x00007ffafc940000 - 0x00007ffafc94a000 	C:\Windows\System32\rasadhlp.dll
0x00007ffafd630000 - 0x00007ffafd69a000 	C:\WINDOWS\System32\fwpuclnt.dll
0x00007ffb03700000 - 0x00007ffb0372b000 	C:\WINDOWS\SYSTEM32\bcrypt.dll
0x0000000060480000 - 0x00000000604c7000 	C:\Program Files\Java\jdk1.8.0_101\jre\bin\fontmanager.dll
0x0000000060670000 - 0x0000000060681000 	C:\Program Files\Java\jdk1.8.0_101\jre\bin\nio.dll
0x0000000060430000 - 0x0000000060472000 	C:\Program Files\Java\jdk1.8.0_101\jre\bin\t2k.dll
0x00007ffb01750000 - 0x00007ffb017fc000 	C:\WINDOWS\WinSxS\amd64_microsoft.windows.common-controls_6595b64144ccf1df_5.82.14393.447_none_0d5aa7fbb6d35646\comctl32.dll
0x00007ffb054c0000 - 0x00007ffb0555f000 	C:\WINDOWS\System32\clbcatq.dll
0x00007ffaffda0000 - 0x00007ffafff25000 	C:\WINDOWS\SYSTEM32\PROPSYS.dll
0x00007ffaeef40000 - 0x00007ffaef2a5000 	C:\Windows\System32\ActXPrxy.dll
0x00007ffad9a90000 - 0x00007ffad9bb7000 	C:\WINDOWS\system32\NetworkExplorer.dll
0x00007ffaff080000 - 0x00007ffaff09b000 	C:\WINDOWS\SYSTEM32\MPR.dll
0x00007ffaf6ec0000 - 0x00007ffaf6ed6000 	C:\WINDOWS\System32\ntlanman.dll
0x00007ffafebb0000 - 0x00007ffafebbb000 	C:\WINDOWS\System32\drprov.dll
0x00007ffb03430000 - 0x00007ffb03486000 	C:\WINDOWS\System32\WINSTA.dll
0x00007ffaefa90000 - 0x00007ffaefab0000 	C:\WINDOWS\System32\davclnt.dll
0x00007ffafbfe0000 - 0x00007ffafbfec000 	C:\WINDOWS\System32\DAVHLPR.dll
0x00007ffafc040000 - 0x00007ffafc056000 	C:\WINDOWS\System32\wkscli.dll
0x00007ffaf7640000 - 0x00007ffaf7652000 	C:\WINDOWS\SYSTEM32\cscapi.dll
0x00007ffb02f00000 - 0x00007ffb02f0d000 	C:\WINDOWS\System32\netutils.dll
0x00007ffae87a0000 - 0x00007ffae87ed000 	C:\Windows\System32\dlnashext.dll
0x00007ffaec010000 - 0x00007ffaec080000 	C:\Windows\System32\PlayToDevice.dll
0x00007ffafb7e0000 - 0x00007ffafb7fe000 	C:\Windows\System32\DevDispItemProvider.dll
0x00007ffafff90000 - 0x00007ffb00001000 	C:\WINDOWS\System32\MMDevApi.dll
0x00007ffb023c0000 - 0x00007ffb023e8000 	C:\WINDOWS\System32\DEVOBJ.dll
0x00007ffae8980000 - 0x00007ffae8b7f000 	C:\WINDOWS\system32\wpdshext.dll
0x00007ffafe540000 - 0x00007ffafe6da000 	C:\WINDOWS\WinSxS\amd64_microsoft.windows.gdiplus_6595b64144ccf1df_1.1.14393.953_none_7300116921188239\gdiplus.dll
0x00007ffb00e90000 - 0x00007ffb00f2e000 	C:\Windows\System32\PortableDeviceApi.dll
0x00007ffb055a0000 - 0x00007ffb059c9000 	C:\WINDOWS\System32\SETUPAPI.dll
0x00007ffb046c0000 - 0x00007ffb04715000 	C:\WINDOWS\System32\WINTRUST.dll
0x00007ffb037f0000 - 0x00007ffb03800000 	C:\WINDOWS\System32\MSASN1.dll
0x00007ffb042c0000 - 0x00007ffb04489000 	C:\WINDOWS\System32\CRYPT32.dll
0x00007ffadec20000 - 0x00007ffadec56000 	C:\Windows\System32\EhStorShell.dll
0x00007ffaf9d10000 - 0x00007ffaf9d35000 	C:\Windows\System32\EhStorAPI.dll
0x00007ffb00a00000 - 0x00007ffb00a13000 	C:\Windows\System32\WTSAPI32.dll
0x00007ffafe3f0000 - 0x00007ffafe400000 	C:\WINDOWS\SYSTEM32\LINKINFO.dll
0x00007ffafc6a0000 - 0x00007ffafc848000 	C:\WINDOWS\SYSTEM32\WindowsCodecs.dll
0x00007ffaec6d0000 - 0x00007ffaec719000 	C:\WINDOWS\system32\dataexchange.dll
0x00007ffafbce0000 - 0x00007ffafbf96000 	C:\WINDOWS\system32\d3d11.dll
0x00007ffafcdd0000 - 0x00007ffafcf21000 	C:\WINDOWS\system32\dcomp.dll
0x00007ffb02740000 - 0x00007ffb027df000 	C:\WINDOWS\system32\dxgi.dll
0x00007ffb021e0000 - 0x00007ffb022fc000 	C:\WINDOWS\system32\twinapi.appcore.dll
0x00000000603f0000 - 0x000000006041a000 	C:\Program Files\Java\jdk1.8.0_101\jre\bin\dcpr.dll

VM Arguments:
jvm_args: -Dfile.encoding=UTF-8 
java_command: chat.gui.ClientGUI
java_class_path (initial): D:\NetBeansProjects\Chatter-SOAP-Chat-master\ChatClient\build\classes
Launcher Type: SUN_STANDARD

Environment Variables:
CLASSPATH=.;.;C:\Program Files (x86)\JMF2.1.1e\lib\sound.jar;C:\Program Files (x86)\JMF2.1.1e\lib\jmf.jar;C:\Program Files (x86)\JMF2.1.1e\lib
PATH=C:\ProgramData\Oracle\Java\javapath;C:\Program Files\Haskell\bin;D:\Program (C.)\Haskell Platform\8.0.1\lib\extralibs\bin;D:\Program (C.)\Haskell Platform\8.0.1\bin;C:\iverilog\bin;C:\iverilog\gtkwave\bin;C:\Windows\system32;C:\Windows;C:\Windows\System32\Wbem;C:\Windows\System32\WindowsPowerShell\v1.0\;C:\Program Files (x86)\Windows Live\Shared;C:\Program Files (x86)\NVIDIA Corporation\PhysX\Common;C:\Program Files\Microsoft SQL Server\120\Tools\Binn\;C:\Program Files (x86)\Windows Kits\10\Windows Performance Toolkit\;C:\Program Files (x86)\Skype\Phone\;C:\WINDOWS\system32;C:\WINDOWS;C:\WINDOWS\System32\Wbem;C:\WINDOWS\System32\WindowsPowerShell\v1.0\;D:\Program (C.)\Haskell Platform\8.0.1\mingw\bin;C:\WINDOWS\system32\config\systemprofile\.dnx\bin;C:\Program Files\Microsoft DNX\Dnvm\;C:\Program Files\Microsoft SQL Server\130\Tools\Binn\;D:\Program (C.)\nodejs\;D:\Program (C.)\Git\cmd;C:\Program Files (x86)\GtkSharp\2.12\bin;D:\Program (C.)\PuTTY\;C:\Users\Administrator\AppData\Roaming\cabal\bin;C:\Users\Administrator\AppData\Roaming\local\bin;C:\Users\Administrator\AppData\Local\Programs\Python\Python35-32\Scripts\;C:\Users\Administrator\AppData\Local\Programs\Python\Python35-32\;C:\Users\Administrator\AppData\Local\atom\bin;C:\Users\Administrator\AppData\Local\Microsoft\WindowsApps;C:\Users\Administrator\AppData\Roaming\npm;D:\Learn_IntroWeb\mongodb\bin;D:\Learn_IntroWeb\data
USERNAME=Tuey Sitthichai
OS=Windows_NT
PROCESSOR_IDENTIFIER=Intel64 Family 6 Model 61 Stepping 4, GenuineIntel



---------------  S Y S T E M  ---------------

OS: Windows 10.0 , 64 bit Build 14393 (10.0.14393.0)

CPU:total 4 (2 cores per cpu, 2 threads per core) family 6 model 61 stepping 4, cmov, cx8, fxsr, mmx, sse, sse2, sse3, ssse3, sse4.1, sse4.2, popcnt, avx, avx2, aes, clmul, erms, 3dnowpref, lzcnt, ht, tsc, tscinvbit, bmi1, bmi2, adx

Memory: 4k page, physical 8315248k(1320680k free), swap 8315248k(3112k free)

vm_info: Java HotSpot(TM) 64-Bit Server VM (25.101-b13) for windows-amd64 JRE (1.8.0_101-b13), built on Jun 22 2016 01:21:29 by "java_re" with MS VC++ 10.0 (VS2010)

time: Thu Apr 27 15:29:52 2017
elapsed time: 363 seconds (0d 0h 6m 3s)

